<?xml version="1.0" encoding="UTF-8"?>
<testsuite xmlns:xsi="http://www.w3.org/2001/XMLSchema-instance" xsi:noNamespaceSchemaLocation="https://maven.apache.org/surefire/maven-surefire-plugin/xsd/surefire-test-report.xsd" name="TestRunner" time="1.246" tests="11" errors="0" skipped="0" failures="0">
  <properties>
    <property name="sun.desktop" value="windows"/>
    <property name="awt.toolkit" value="sun.awt.windows.WToolkit"/>
    <property name="file.encoding.pkg" value="sun.io"/>
    <property name="java.specification.version" value="1.8"/>
    <property name="sun.cpu.isalist" value="amd64"/>
    <property name="sun.jnu.encoding" value="Cp1252"/>
    <property name="java.class.path" value="C:\Users\cy0099\IdeaProjects\karateNewdemo\target\test-classes;C:\Users\cy0099\IdeaProjects\karateNewdemo\target\classes;C:\Users\cy0099\.m2\repository\com\intuit\karate\karate-apache\0.6.0.4\karate-apache-0.6.0.4.jar;C:\Users\cy0099\.m2\repository\com\intuit\karate\karate-core\0.6.0.4\karate-core-0.6.0.4.jar;C:\Users\cy0099\.m2\repository\com\jayway\jsonpath\json-path\2.1.0\json-path-2.1.0.jar;C:\Users\cy0099\.m2\repository\net\minidev\json-smart\2.2\json-smart-2.2.jar;C:\Users\cy0099\.m2\repository\net\minidev\accessors-smart\1.1\accessors-smart-1.1.jar;C:\Users\cy0099\.m2\repository\org\ow2\asm\asm\5.0.3\asm-5.0.3.jar;C:\Users\cy0099\.m2\repository\info\cukes\cucumber-java\1.2.5\cucumber-java-1.2.5.jar;C:\Users\cy0099\.m2\repository\org\yaml\snakeyaml\1.18\snakeyaml-1.18.jar;C:\Users\cy0099\.m2\repository\org\apache\httpcomponents\httpclient\4.5.3\httpclient-4.5.3.jar;C:\Users\cy0099\.m2\repository\org\apache\httpcomponents\httpcore\4.4.6\httpcore-4.4.6.jar;C:\Users\cy0099\.m2\repository\commons-codec\commons-codec\1.9\commons-codec-1.9.jar;C:\Users\cy0099\.m2\repository\org\apache\httpcomponents\httpmime\4.5.3\httpmime-4.5.3.jar;C:\Users\cy0099\.m2\repository\org\slf4j\jcl-over-slf4j\1.7.25\jcl-over-slf4j-1.7.25.jar;C:\Users\cy0099\.m2\repository\org\slf4j\slf4j-api\1.7.25\slf4j-api-1.7.25.jar;C:\Users\cy0099\.m2\repository\ch\qos\logback\logback-classic\1.2.3\logback-classic-1.2.3.jar;C:\Users\cy0099\.m2\repository\ch\qos\logback\logback-core\1.2.3\logback-core-1.2.3.jar;C:\Users\cy0099\.m2\repository\com\intuit\karate\karate-junit4\0.6.0.4\karate-junit4-0.6.0.4.jar;C:\Users\cy0099\.m2\repository\info\cukes\cucumber-junit\1.2.5\cucumber-junit-1.2.5.jar;C:\Users\cy0099\.m2\repository\info\cukes\cucumber-core\1.2.5\cucumber-core-1.2.5.jar;C:\Users\cy0099\.m2\repository\info\cukes\cucumber-html\0.2.3\cucumber-html-0.2.3.jar;C:\Users\cy0099\.m2\repository\info\cukes\cucumber-jvm-deps\1.0.5\cucumber-jvm-deps-1.0.5.jar;C:\Users\cy0099\.m2\repository\info\cukes\gherkin\2.12.2\gherkin-2.12.2.jar;C:\Users\cy0099\.m2\repository\io\cucumber\cucumber-java\4.3.1\cucumber-java-4.3.1.jar;C:\Users\cy0099\.m2\repository\io\cucumber\cucumber-core\4.3.1\cucumber-core-4.3.1.jar;C:\Users\cy0099\.m2\repository\io\cucumber\cucumber-html\0.2.7\cucumber-html-0.2.7.jar;C:\Users\cy0099\.m2\repository\io\cucumber\gherkin\5.1.0\gherkin-5.1.0.jar;C:\Users\cy0099\.m2\repository\io\cucumber\tag-expressions\1.1.1\tag-expressions-1.1.1.jar;C:\Users\cy0099\.m2\repository\io\cucumber\cucumber-expressions\6.2.2\cucumber-expressions-6.2.2.jar;C:\Users\cy0099\.m2\repository\io\cucumber\datatable\1.1.12\datatable-1.1.12.jar;C:\Users\cy0099\.m2\repository\io\cucumber\datatable-dependencies\1.1.12\datatable-dependencies-1.1.12.jar;C:\Users\cy0099\.m2\repository\io\cucumber\cucumber-junit\4.3.1\cucumber-junit-4.3.1.jar;C:\Users\cy0099\.m2\repository\junit\junit\4.12\junit-4.12.jar;C:\Users\cy0099\.m2\repository\org\hamcrest\hamcrest-core\1.3\hamcrest-core-1.3.jar;"/>
    <property name="java.vm.vendor" value="Oracle Corporation"/>
    <property name="sun.arch.data.model" value="64"/>
    <property name="user.variant" value=""/>
    <property name="java.vendor.url" value="http://java.oracle.com/"/>
    <property name="user.timezone" value="Asia/Calcutta"/>
    <property name="java.vm.specification.version" value="1.8"/>
    <property name="os.name" value="Windows 10"/>
    <property name="user.country" value="IN"/>
    <property name="sun.java.launcher" value="SUN_STANDARD"/>
    <property name="sun.boot.library.path" value="C:\Program Files\Java\jdk1.8.0_144\jre\bin"/>
    <property name="sun.java.command" value="C:\Users\cy0099\AppData\Local\Temp\surefire456335275843426377\surefirebooter5291295837983639830.jar C:\Users\cy0099\AppData\Local\Temp\surefire456335275843426377 2019-06-12T19-01-36_459-jvmRun1 surefire3960390928513132118tmp surefire_06789089841885205424tmp"/>
    <property name="surefire.test.class.path" value="C:\Users\cy0099\IdeaProjects\karateNewdemo\target\test-classes;C:\Users\cy0099\IdeaProjects\karateNewdemo\target\classes;C:\Users\cy0099\.m2\repository\com\intuit\karate\karate-apache\0.6.0.4\karate-apache-0.6.0.4.jar;C:\Users\cy0099\.m2\repository\com\intuit\karate\karate-core\0.6.0.4\karate-core-0.6.0.4.jar;C:\Users\cy0099\.m2\repository\com\jayway\jsonpath\json-path\2.1.0\json-path-2.1.0.jar;C:\Users\cy0099\.m2\repository\net\minidev\json-smart\2.2\json-smart-2.2.jar;C:\Users\cy0099\.m2\repository\net\minidev\accessors-smart\1.1\accessors-smart-1.1.jar;C:\Users\cy0099\.m2\repository\org\ow2\asm\asm\5.0.3\asm-5.0.3.jar;C:\Users\cy0099\.m2\repository\info\cukes\cucumber-java\1.2.5\cucumber-java-1.2.5.jar;C:\Users\cy0099\.m2\repository\org\yaml\snakeyaml\1.18\snakeyaml-1.18.jar;C:\Users\cy0099\.m2\repository\org\apache\httpcomponents\httpclient\4.5.3\httpclient-4.5.3.jar;C:\Users\cy0099\.m2\repository\org\apache\httpcomponents\httpcore\4.4.6\httpcore-4.4.6.jar;C:\Users\cy0099\.m2\repository\commons-codec\commons-codec\1.9\commons-codec-1.9.jar;C:\Users\cy0099\.m2\repository\org\apache\httpcomponents\httpmime\4.5.3\httpmime-4.5.3.jar;C:\Users\cy0099\.m2\repository\org\slf4j\jcl-over-slf4j\1.7.25\jcl-over-slf4j-1.7.25.jar;C:\Users\cy0099\.m2\repository\org\slf4j\slf4j-api\1.7.25\slf4j-api-1.7.25.jar;C:\Users\cy0099\.m2\repository\ch\qos\logback\logback-classic\1.2.3\logback-classic-1.2.3.jar;C:\Users\cy0099\.m2\repository\ch\qos\logback\logback-core\1.2.3\logback-core-1.2.3.jar;C:\Users\cy0099\.m2\repository\com\intuit\karate\karate-junit4\0.6.0.4\karate-junit4-0.6.0.4.jar;C:\Users\cy0099\.m2\repository\info\cukes\cucumber-junit\1.2.5\cucumber-junit-1.2.5.jar;C:\Users\cy0099\.m2\repository\info\cukes\cucumber-core\1.2.5\cucumber-core-1.2.5.jar;C:\Users\cy0099\.m2\repository\info\cukes\cucumber-html\0.2.3\cucumber-html-0.2.3.jar;C:\Users\cy0099\.m2\repository\info\cukes\cucumber-jvm-deps\1.0.5\cucumber-jvm-deps-1.0.5.jar;C:\Users\cy0099\.m2\repository\info\cukes\gherkin\2.12.2\gherkin-2.12.2.jar;C:\Users\cy0099\.m2\repository\io\cucumber\cucumber-java\4.3.1\cucumber-java-4.3.1.jar;C:\Users\cy0099\.m2\repository\io\cucumber\cucumber-core\4.3.1\cucumber-core-4.3.1.jar;C:\Users\cy0099\.m2\repository\io\cucumber\cucumber-html\0.2.7\cucumber-html-0.2.7.jar;C:\Users\cy0099\.m2\repository\io\cucumber\gherkin\5.1.0\gherkin-5.1.0.jar;C:\Users\cy0099\.m2\repository\io\cucumber\tag-expressions\1.1.1\tag-expressions-1.1.1.jar;C:\Users\cy0099\.m2\repository\io\cucumber\cucumber-expressions\6.2.2\cucumber-expressions-6.2.2.jar;C:\Users\cy0099\.m2\repository\io\cucumber\datatable\1.1.12\datatable-1.1.12.jar;C:\Users\cy0099\.m2\repository\io\cucumber\datatable-dependencies\1.1.12\datatable-dependencies-1.1.12.jar;C:\Users\cy0099\.m2\repository\io\cucumber\cucumber-junit\4.3.1\cucumber-junit-4.3.1.jar;C:\Users\cy0099\.m2\repository\junit\junit\4.12\junit-4.12.jar;C:\Users\cy0099\.m2\repository\org\hamcrest\hamcrest-core\1.3\hamcrest-core-1.3.jar;"/>
    <property name="sun.cpu.endian" value="little"/>
    <property name="user.home" value="C:\Users\cy0099"/>
    <property name="user.language" value="en"/>
    <property name="java.specification.vendor" value="Oracle Corporation"/>
    <property name="java.home" value="C:\Program Files\Java\jdk1.8.0_144\jre"/>
    <property name="basedir" value="C:\Users\cy0099\IdeaProjects\karateNewdemo"/>
    <property name="file.separator" value="\"/>
    <property name="line.separator" value="&#10;"/>
    <property name="java.vm.specification.vendor" value="Oracle Corporation"/>
    <property name="java.specification.name" value="Java Platform API Specification"/>
    <property name="java.awt.graphicsenv" value="sun.awt.Win32GraphicsEnvironment"/>
    <property name="surefire.real.class.path" value="C:\Users\cy0099\AppData\Local\Temp\surefire456335275843426377\surefirebooter5291295837983639830.jar"/>
    <property name="sun.boot.class.path" value="C:\Program Files\Java\jdk1.8.0_144\jre\lib\resources.jar;C:\Program Files\Java\jdk1.8.0_144\jre\lib\rt.jar;C:\Program Files\Java\jdk1.8.0_144\jre\lib\sunrsasign.jar;C:\Program Files\Java\jdk1.8.0_144\jre\lib\jsse.jar;C:\Program Files\Java\jdk1.8.0_144\jre\lib\jce.jar;C:\Program Files\Java\jdk1.8.0_144\jre\lib\charsets.jar;C:\Program Files\Java\jdk1.8.0_144\jre\lib\jfr.jar;C:\Program Files\Java\jdk1.8.0_144\jre\classes"/>
    <property name="user.script" value=""/>
    <property name="sun.management.compiler" value="HotSpot 64-Bit Tiered Compilers"/>
    <property name="java.runtime.version" value="1.8.0_144-b01"/>
    <property name="user.name" value="CY0099"/>
    <property name="path.separator" value=";"/>
    <property name="os.version" value="10.0"/>
    <property name="java.endorsed.dirs" value="C:\Program Files\Java\jdk1.8.0_144\jre\lib\endorsed"/>
    <property name="java.runtime.name" value="Java(TM) SE Runtime Environment"/>
    <property name="file.encoding" value="UTF-8"/>
    <property name="java.vm.name" value="Java HotSpot(TM) 64-Bit Server VM"/>
    <property name="localRepository" value="C:\Users\cy0099\.m2\repository"/>
    <property name="java.vendor.url.bug" value="http://bugreport.sun.com/bugreport/"/>
    <property name="java.io.tmpdir" value="C:\Users\cy0099\AppData\Local\Temp\"/>
    <property name="java.version" value="1.8.0_144"/>
    <property name="user.dir" value="C:\Users\cy0099\IdeaProjects\karateNewdemo"/>
    <property name="os.arch" value="amd64"/>
    <property name="java.vm.specification.name" value="Java Virtual Machine Specification"/>
    <property name="java.awt.printerjob" value="sun.awt.windows.WPrinterJob"/>
    <property name="sun.os.patch.level" value=""/>
    <property name="java.library.path" value="C:\Program Files\Java\jdk1.8.0_144\jre\bin;C:\WINDOWS\Sun\Java\bin;C:\WINDOWS\system32;C:\WINDOWS;C:\Users\cy0099\.jenkins\tools\hudson.tasks.Maven_MavenInstallation\maven/bin;C:\Program Files\Java\jdk1.8.0_144/bin;C:\Program Files\Java\jdk1.8.0_144/bin;C:\ProgramData\DockerDesktop\version-bin;C:\Program Files\Docker\Docker\Resources\bin;C:\Program Files\Microsoft MPI\Bin\;C:\WINDOWS\system32;C:\WINDOWS;C:\WINDOWS\System32\Wbem;C:\WINDOWS\System32\WindowsPowerShell\v1.0\;C:\Program Files\dotnet\;C:\Program Files\Microsoft SQL Server\130\Tools\Binn\;C:\Program Files\TortoiseSVN\bin;C:\Program Files (x86)\Microsoft SQL Server\130\Tools\Binn\;C:\Program Files (x86)\Microsoft SQL Server\130\DTS\Binn\;C:\Program Files\Microsoft SQL Server\130\DTS\Binn\;C:\Program Files\Microsoft SQL Server\Client SDK\ODBC\130\Tools\Binn\;C:\Program Files (x86)\Microsoft SQL Server\Client SDK\ODBC\130\Tools\Binn\;C:\Program Files (x86)\Microsoft SQL Server\140\Tools\Binn\;C:\Program Files (x86)\Microsoft SQL Server\140\DTS\Binn\;C:\Program Files (x86)\Microsoft SQL Server\140\Tools\Binn\ManagementStudio\;C:\Program Files\apache-maven-3.6.0-bin\apache-maven-3.6.0\bin;C:\Program Files\nodejs\;C:\WINDOWS\System32\OpenSSH\;C:\Users\cy0099\AppData\Local\Android\Sdk\platform-tools;C:\Users\cy0099\AppData\Local\Android\Sdk\tools;C:\Users\cy0099\AppData\Local\Android\Sdk\tools\bin;C:\Program Files\Java\jdk1.8.0_144\bin;C:\Program Files\Git\cmd;C:\Program Files\Git\bin;c:\users\cy0099\appdata\local\programs\python\python37\lib\site-packages;C:\Users\cy0099\AppData\Local\Programs\Python\Python37\Scripts\;C:\Users\cy0099\AppData\Local\Programs\Python\Python37\;C:\Users\cy0099\AppData\Local\Microsoft\WindowsApps;;C:\Users\cy0099\AppData\Local\Programs\Microsoft VS Code\bin;C:\Program Files\JetBrains\PyCharm 2019.1.2\bin;;C:\Program Files\JetBrains\IntelliJ IDEA Community Edition 2019.1.2\bin;;."/>
    <property name="java.vm.info" value="mixed mode"/>
    <property name="java.vendor" value="Oracle Corporation"/>
    <property name="java.vm.version" value="25.144-b01"/>
    <property name="java.ext.dirs" value="C:\Program Files\Java\jdk1.8.0_144\jre\lib\ext;C:\WINDOWS\Sun\Java\lib\ext"/>
    <property name="sun.io.unicode.encoding" value="UnicodeLittle"/>
    <property name="java.class.version" value="52.0"/>
  </properties>
  <testcase name="Given url &quot;http://103.79.223.60:8080/hooker/core/v1/categories/all&quot;" classname="Scenario: Testing valid end Ponits" time="0.001"/>
  <testcase name="When method Get" classname="Scenario: Testing valid end Ponits" time="0"/>
  <testcase name="Then status 200" classname="Scenario: Testing valid end Ponits" time="0"/>
  <testcase name="And match response.message == &quot;Categories fetch success&quot;" classname="Scenario: Testing valid end Ponits" time="0"/>
  <testcase name="Scenario: Testing valid end Ponits" classname="Scenario: Testing valid end Ponits" time="0"/>
  <testcase name="Given url &quot;http://103.79.223.60:8080/hooker/core/v1/categories&quot;" classname="Scenario: Testing" time="0"/>
  <testcase name="And request {&quot;categoryName&quot;:&quot;test&quot;,&quot;categoryDescription&quot;:&quot;test&quot;}" classname="Scenario: Testing" time="0"/>
  <testcase name="And header Content-Type = application/json" classname="Scenario: Testing" time="0"/>
  <testcase name="When method POST" classname="Scenario: Testing" time="0"/>
  <testcase name="Then status 200" classname="Scenario: Testing" time="0"/>
  <testcase name="Scenario: Testing" classname="Scenario: Testing" time="0"/>
</testsuite>